INFO: [SIM 2] *************** CSIM start ***************
INFO: [SIM 4] CSIM will launch GCC as the compiler.
   Compiling ../../../tema1Curs_tb.cpp in debug mode
   Compiling ../../../tema1Curs.cpp in debug mode
   Generating csim.exe
0 0 0 0 5 1 0
0 0 0 1 4 0 1
0 0 1 0 4 0 1
0 0 1 1 3 0 1
0 1 0 0 2 1 0
0 1 0 1 2 1 0
0 1 1 0 2 1 0
0 1 1 1 3 0 1
1 0 0 0 2 1 0
1 0 0 1 2 1 0
1 0 1 0 2 1 0
1 0 1 1 3 0 1
1 1 0 0 1 1 0
1 1 0 1 1 1 0
1 1 1 0 1 1 0
1 1 1 1 1 1 0
INFO: [SIM 1] CSim done with 0 errors.
INFO: [SIM 3] *************** CSIM finish ***************
